2024-04-08T04:23:37.887-03:00 DEBUG 29632 --- [starbook] [main] o.s.w.c.s.GenericWebApplicationContext   : Refreshing org.springframework.web.context.support.GenericWebApplicationContext@2154de40
2024-04-08T04:23:41.367-03:00  WARN 29632 --- [starbook] [main] org.hibernate.orm.deprecation            : HHH90000025: PostgreSQLDialect does not need to be specified explicitly using 'hibernate.dialect' (remove the property setting and it will be selected by default)
2024-04-08T04:23:44.239-03:00  WARN 29632 --- [starbook] [main] JpaBaseConfiguration$JpaWebConfiguration : spring.jpa.open-in-view is enabled by default. Therefore, database queries may be performed during view rendering. Explicitly configure spring.jpa.open-in-view to disable this warning
2024-04-08T04:23:44.497-03:00 DEBUG 29632 --- [starbook] [main] s.w.s.m.m.a.RequestMappingHandlerMapping : 26 mappings in 'requestMappingHandlerMapping'
2024-04-08T04:23:45.769-03:00 DEBUG 29632 --- [starbook] [main] o.s.w.s.handler.SimpleUrlHandlerMapping  : Patterns [/webjars/**, /**, /swagger-ui*/*swagger-initializer.js, /swagger-ui*/**] in 'resourceHandlerMapping'
2024-04-08T04:23:45.829-03:00 DEBUG 29632 --- [starbook] [main] s.w.s.m.m.a.RequestMappingHandlerAdapter : ControllerAdvice beans: 0 @ModelAttribute, 0 @InitBinder, 1 RequestBodyAdvice, 1 ResponseBodyAdvice
2024-04-08T04:23:45.885-03:00 DEBUG 29632 --- [starbook] [main] .m.m.a.ExceptionHandlerExceptionResolver : ControllerAdvice beans: 1 @ExceptionHandler, 1 ResponseBodyAdvice
2024-04-08T04:23:46.207-03:00 DEBUG 29632 --- [starbook] [SpringApplicationShutdownHook] o.s.w.c.s.GenericWebApplicationContext   : Closing org.springframework.web.context.support.GenericWebApplicationContext@2154de40, started on Mon Apr 08 04:23:37 BRT 2024
2024-04-08T04:27:08.234-03:00 DEBUG 3896 --- [starbook] [main] o.s.w.c.s.GenericWebApplicationContext   : Refreshing org.springframework.web.context.support.GenericWebApplicationContext@2154de40
2024-04-08T04:27:11.728-03:00  WARN 3896 --- [starbook] [main] org.hibernate.orm.deprecation            : HHH90000025: PostgreSQLDialect does not need to be specified explicitly using 'hibernate.dialect' (remove the property setting and it will be selected by default)
2024-04-08T04:27:14.469-03:00  WARN 3896 --- [starbook] [main] JpaBaseConfiguration$JpaWebConfiguration : spring.jpa.open-in-view is enabled by default. Therefore, database queries may be performed during view rendering. Explicitly configure spring.jpa.open-in-view to disable this warning
2024-04-08T04:27:14.701-03:00 DEBUG 3896 --- [starbook] [main] s.w.s.m.m.a.RequestMappingHandlerMapping : 26 mappings in 'requestMappingHandlerMapping'
2024-04-08T04:27:16.048-03:00 DEBUG 3896 --- [starbook] [main] o.s.w.s.handler.SimpleUrlHandlerMapping  : Patterns [/webjars/**, /**, /swagger-ui*/*swagger-initializer.js, /swagger-ui*/**] in 'resourceHandlerMapping'
2024-04-08T04:27:16.109-03:00 DEBUG 3896 --- [starbook] [main] s.w.s.m.m.a.RequestMappingHandlerAdapter : ControllerAdvice beans: 0 @ModelAttribute, 0 @InitBinder, 1 RequestBodyAdvice, 1 ResponseBodyAdvice
2024-04-08T04:27:16.167-03:00 DEBUG 3896 --- [starbook] [main] .m.m.a.ExceptionHandlerExceptionResolver : ControllerAdvice beans: 1 @ExceptionHandler, 1 ResponseBodyAdvice
2024-04-08T04:27:16.506-03:00 DEBUG 3896 --- [starbook] [SpringApplicationShutdownHook] o.s.w.c.s.GenericWebApplicationContext   : Closing org.springframework.web.context.support.GenericWebApplicationContext@2154de40, started on Mon Apr 08 04:27:08 BRT 2024
2024-04-08T04:34:28.291-03:00 DEBUG 3368 --- [starbook] [main] o.s.w.c.s.GenericWebApplicationContext   : Refreshing org.springframework.web.context.support.GenericWebApplicationContext@25f3207e
2024-04-08T04:34:31.778-03:00  WARN 3368 --- [starbook] [main] org.hibernate.orm.deprecation            : HHH90000025: PostgreSQLDialect does not need to be specified explicitly using 'hibernate.dialect' (remove the property setting and it will be selected by default)
2024-04-08T04:34:34.455-03:00  WARN 3368 --- [starbook] [main] JpaBaseConfiguration$JpaWebConfiguration : spring.jpa.open-in-view is enabled by default. Therefore, database queries may be performed during view rendering. Explicitly configure spring.jpa.open-in-view to disable this warning
2024-04-08T04:34:34.737-03:00 DEBUG 3368 --- [starbook] [main] s.w.s.m.m.a.RequestMappingHandlerMapping : 26 mappings in 'requestMappingHandlerMapping'
2024-04-08T04:34:36.068-03:00 DEBUG 3368 --- [starbook] [main] o.s.w.s.handler.SimpleUrlHandlerMapping  : Patterns [/webjars/**, /**, /swagger-ui*/*swagger-initializer.js, /swagger-ui*/**] in 'resourceHandlerMapping'
2024-04-08T04:34:36.129-03:00 DEBUG 3368 --- [starbook] [main] s.w.s.m.m.a.RequestMappingHandlerAdapter : ControllerAdvice beans: 0 @ModelAttribute, 0 @InitBinder, 1 RequestBodyAdvice, 1 ResponseBodyAdvice
2024-04-08T04:34:36.186-03:00 DEBUG 3368 --- [starbook] [main] .m.m.a.ExceptionHandlerExceptionResolver : ControllerAdvice beans: 1 @ExceptionHandler, 1 ResponseBodyAdvice
2024-04-08T04:34:36.487-03:00 DEBUG 3368 --- [starbook] [SpringApplicationShutdownHook] o.s.w.c.s.GenericWebApplicationContext   : Closing org.springframework.web.context.support.GenericWebApplicationContext@25f3207e, started on Mon Apr 08 04:34:28 BRT 2024
2024-04-08T04:37:17.260-03:00 DEBUG 22900 --- [starbook] [main] o.s.w.c.s.GenericWebApplicationContext   : Refreshing org.springframework.web.context.support.GenericWebApplicationContext@3df2f4ab
2024-04-08T04:37:20.698-03:00  WARN 22900 --- [starbook] [main] org.hibernate.orm.deprecation            : HHH90000025: PostgreSQLDialect does not need to be specified explicitly using 'hibernate.dialect' (remove the property setting and it will be selected by default)
2024-04-08T04:37:23.666-03:00  WARN 22900 --- [starbook] [main] JpaBaseConfiguration$JpaWebConfiguration : spring.jpa.open-in-view is enabled by default. Therefore, database queries may be performed during view rendering. Explicitly configure spring.jpa.open-in-view to disable this warning
2024-04-08T04:37:23.911-03:00 DEBUG 22900 --- [starbook] [main] s.w.s.m.m.a.RequestMappingHandlerMapping : 26 mappings in 'requestMappingHandlerMapping'
2024-04-08T04:37:25.143-03:00 DEBUG 22900 --- [starbook] [main] o.s.w.s.handler.SimpleUrlHandlerMapping  : Patterns [/webjars/**, /**, /swagger-ui*/*swagger-initializer.js, /swagger-ui*/**] in 'resourceHandlerMapping'
2024-04-08T04:37:25.200-03:00 DEBUG 22900 --- [starbook] [main] s.w.s.m.m.a.RequestMappingHandlerAdapter : ControllerAdvice beans: 0 @ModelAttribute, 0 @InitBinder, 1 RequestBodyAdvice, 1 ResponseBodyAdvice
2024-04-08T04:37:25.261-03:00 DEBUG 22900 --- [starbook] [main] .m.m.a.ExceptionHandlerExceptionResolver : ControllerAdvice beans: 1 @ExceptionHandler, 1 ResponseBodyAdvice
2024-04-08T04:37:25.562-03:00 DEBUG 22900 --- [starbook] [SpringApplicationShutdownHook] o.s.w.c.s.GenericWebApplicationContext   : Closing org.springframework.web.context.support.GenericWebApplicationContext@3df2f4ab, started on Mon Apr 08 04:37:17 BRT 2024
