2024-04-29T13:44:52.383-03:00  INFO 17376 --- [starbook] [main] c.starbook.starbook.StarbookApplication  : Starting StarbookApplication using Java 22.0.1 with PID 17376 (C:\Users\Software Engineer\Documents\240044-leandro-garcia-magalhaes-cerqueira\java-avancado\aula-15\starbook\starbook\target\classes started by Software Engineer in C:\Users\Software Engineer\Documents\240044-leandro-garcia-magalhaes-cerqueira\java-avancado\aula-15\starbook\starbook)
2024-04-29T13:44:52.388-03:00  INFO 17376 --- [starbook] [main] c.starbook.starbook.StarbookApplication  : No active profile set, falling back to 1 default profile: "default"
2024-04-29T13:44:54.772-03:00  INFO 17376 --- [starbook] [main] .s.d.r.c.RepositoryConfigurationDelegate : Bootstrapping Spring Data JPA repositories in DEFAULT mode.
2024-04-29T13:44:54.965-03:00  INFO 17376 --- [starbook] [main] .s.d.r.c.RepositoryConfigurationDelegate : Finished Spring Data repository scanning in 167 ms. Found 4 JPA repository interfaces.
2024-04-29T13:44:56.459-03:00  INFO 17376 --- [starbook] [main] o.s.b.w.embedded.tomcat.TomcatWebServer  : Tomcat initialized with port 8080 (http)
2024-04-29T13:44:56.489-03:00  INFO 17376 --- [starbook] [main] o.apache.catalina.core.StandardService   : Starting service [Tomcat]
2024-04-29T13:44:56.490-03:00  INFO 17376 --- [starbook] [main] o.apache.catalina.core.StandardEngine    : Starting Servlet engine: [Apache Tomcat/10.1.19]
2024-04-29T13:44:56.689-03:00  INFO 17376 --- [starbook] [main] o.a.c.c.C.[Tomcat].[localhost].[/]       : Initializing Spring embedded WebApplicationContext
2024-04-29T13:44:56.690-03:00  INFO 17376 --- [starbook] [main] w.s.c.ServletWebServerApplicationContext : Root WebApplicationContext: initialization completed in 4171 ms
2024-04-29T13:44:57.731-03:00  INFO 17376 --- [starbook] [main] o.f.c.internal.license.VersionPrinter    : Flyway Community Edition 9.22.3 by Redgate
2024-04-29T13:44:57.731-03:00  INFO 17376 --- [starbook] [main] o.f.c.internal.license.VersionPrinter    : See release notes here: https://rd.gt/416ObMi
2024-04-29T13:44:57.731-03:00  INFO 17376 --- [starbook] [main] o.f.c.internal.license.VersionPrinter    : 
2024-04-29T13:44:57.955-03:00  INFO 17376 --- [starbook] [main] org.flywaydb.core.FlywayExecutor         : Database: jdbc:postgresql://localhost:5432/starbook (PostgreSQL 16.2)
2024-04-29T13:44:57.970-03:00  WARN 17376 --- [starbook] [main] o.f.c.internal.database.base.Database    : Flyway upgrade recommended: PostgreSQL 16.2 is newer than this version of Flyway and support has not been tested. The latest supported version of PostgreSQL is 15.
2024-04-29T13:44:58.073-03:00  INFO 17376 --- [starbook] [main] o.f.core.internal.command.DbValidate     : Successfully validated 6 migrations (execution time 00:00.079s)
2024-04-29T13:44:58.208-03:00  INFO 17376 --- [starbook] [main] o.f.core.internal.command.DbMigrate      : Current version of schema "public": 6.0
2024-04-29T13:44:58.218-03:00  INFO 17376 --- [starbook] [main] o.f.core.internal.command.DbMigrate      : Schema "public" is up to date. No migration necessary.
2024-04-29T13:44:58.432-03:00  INFO 17376 --- [starbook] [main] o.hibernate.jpa.internal.util.LogHelper  : HHH000204: Processing PersistenceUnitInfo [name: default]
2024-04-29T13:44:58.605-03:00  INFO 17376 --- [starbook] [main] org.hibernate.Version                    : HHH000412: Hibernate ORM core version 6.4.4.Final
2024-04-29T13:44:58.684-03:00  INFO 17376 --- [starbook] [main] o.h.c.internal.RegionFactoryInitiator    : HHH000026: Second-level cache disabled
2024-04-29T13:44:59.315-03:00  INFO 17376 --- [starbook] [main] o.s.o.j.p.SpringPersistenceUnitInfo      : No LoadTimeWeaver setup: ignoring JPA class transformer
2024-04-29T13:44:59.405-03:00  INFO 17376 --- [starbook] [main] com.zaxxer.hikari.HikariDataSource       : HikariPool-1 - Starting...
2024-04-29T13:44:59.631-03:00  INFO 17376 --- [starbook] [main] com.zaxxer.hikari.pool.HikariPool        : HikariPool-1 - Added connection org.postgresql.jdbc.PgConnection@4540c7
2024-04-29T13:44:59.636-03:00  INFO 17376 --- [starbook] [main] com.zaxxer.hikari.HikariDataSource       : HikariPool-1 - Start completed.
2024-04-29T13:44:59.711-03:00  WARN 17376 --- [starbook] [main] org.hibernate.orm.deprecation            : HHH90000025: PostgreSQLDialect does not need to be specified explicitly using 'hibernate.dialect' (remove the property setting and it will be selected by default)
2024-04-29T13:45:02.141-03:00  INFO 17376 --- [starbook] [main] o.h.e.t.j.p.i.JtaPlatformInitiator       : HHH000489: No JTA platform available (set 'hibernate.transaction.jta.platform' to enable JTA platform integration)
2024-04-29T13:45:02.148-03:00  INFO 17376 --- [starbook] [main] j.LocalContainerEntityManagerFactoryBean : Initialized JPA EntityManagerFactory for persistence unit 'default'
2024-04-29T13:45:03.756-03:00  WARN 17376 --- [starbook] [main] JpaBaseConfiguration$JpaWebConfiguration : spring.jpa.open-in-view is enabled by default. Therefore, database queries may be performed during view rendering. Explicitly configure spring.jpa.open-in-view to disable this warning
2024-04-29T13:45:04.044-03:00 DEBUG 17376 --- [starbook] [main] s.w.s.m.m.a.RequestMappingHandlerMapping : 36 mappings in 'requestMappingHandlerMapping'
2024-04-29T13:45:05.556-03:00 DEBUG 17376 --- [starbook] [main] o.s.w.s.handler.SimpleUrlHandlerMapping  : Patterns [/webjars/**, /**, /swagger-ui*/*swagger-initializer.js, /swagger-ui*/**] in 'resourceHandlerMapping'
2024-04-29T13:45:05.660-03:00 DEBUG 17376 --- [starbook] [main] s.w.s.m.m.a.RequestMappingHandlerAdapter : ControllerAdvice beans: 0 @ModelAttribute, 0 @InitBinder, 1 RequestBodyAdvice, 1 ResponseBodyAdvice
2024-04-29T13:45:05.745-03:00 DEBUG 17376 --- [starbook] [main] .m.m.a.ExceptionHandlerExceptionResolver : ControllerAdvice beans: 1 @ExceptionHandler, 1 ResponseBodyAdvice
2024-04-29T13:45:06.194-03:00  INFO 17376 --- [starbook] [main] o.s.b.w.embedded.tomcat.TomcatWebServer  : Tomcat started on port 8080 (http) with context path ''
2024-04-29T13:45:06.220-03:00  INFO 17376 --- [starbook] [main] c.starbook.starbook.StarbookApplication  : Started StarbookApplication in 15.125 seconds (process running for 16.104)
2024-04-29T13:47:18.228-03:00  INFO 17444 --- [starbook] [main] c.starbook.starbook.StarbookApplication  : Starting StarbookApplication using Java 22.0.1 with PID 17444 (C:\Users\Software Engineer\Documents\240044-leandro-garcia-magalhaes-cerqueira\java-avancado\aula-15\starbook\starbook\target\classes started by Software Engineer in C:\Users\Software Engineer\Documents\240044-leandro-garcia-magalhaes-cerqueira\java-avancado\aula-15\starbook\starbook)
2024-04-29T13:47:18.233-03:00  INFO 17444 --- [starbook] [main] c.starbook.starbook.StarbookApplication  : No active profile set, falling back to 1 default profile: "default"
2024-04-29T13:47:20.532-03:00  INFO 17444 --- [starbook] [main] .s.d.r.c.RepositoryConfigurationDelegate : Bootstrapping Spring Data JPA repositories in DEFAULT mode.
2024-04-29T13:47:20.694-03:00  INFO 17444 --- [starbook] [main] .s.d.r.c.RepositoryConfigurationDelegate : Finished Spring Data repository scanning in 140 ms. Found 4 JPA repository interfaces.
2024-04-29T13:47:22.369-03:00  INFO 17444 --- [starbook] [main] o.s.b.w.embedded.tomcat.TomcatWebServer  : Tomcat initialized with port 8080 (http)
2024-04-29T13:47:22.399-03:00  INFO 17444 --- [starbook] [main] o.apache.catalina.core.StandardService   : Starting service [Tomcat]
2024-04-29T13:47:22.399-03:00  INFO 17444 --- [starbook] [main] o.apache.catalina.core.StandardEngine    : Starting Servlet engine: [Apache Tomcat/10.1.19]
2024-04-29T13:47:22.611-03:00  INFO 17444 --- [starbook] [main] o.a.c.c.C.[Tomcat].[localhost].[/]       : Initializing Spring embedded WebApplicationContext
2024-04-29T13:47:22.612-03:00  INFO 17444 --- [starbook] [main] w.s.c.ServletWebServerApplicationContext : Root WebApplicationContext: initialization completed in 4271 ms
2024-04-29T13:47:23.629-03:00  INFO 17444 --- [starbook] [main] o.f.c.internal.license.VersionPrinter    : Flyway Community Edition 9.22.3 by Redgate
2024-04-29T13:47:23.629-03:00  INFO 17444 --- [starbook] [main] o.f.c.internal.license.VersionPrinter    : See release notes here: https://rd.gt/416ObMi
2024-04-29T13:47:23.630-03:00  INFO 17444 --- [starbook] [main] o.f.c.internal.license.VersionPrinter    : 
2024-04-29T13:47:23.859-03:00  INFO 17444 --- [starbook] [main] org.flywaydb.core.FlywayExecutor         : Database: jdbc:postgresql://localhost:5432/starbook (PostgreSQL 16.2)
2024-04-29T13:47:23.874-03:00  WARN 17444 --- [starbook] [main] o.f.c.internal.database.base.Database    : Flyway upgrade recommended: PostgreSQL 16.2 is newer than this version of Flyway and support has not been tested. The latest supported version of PostgreSQL is 15.
2024-04-29T13:47:23.945-03:00  INFO 17444 --- [starbook] [main] o.f.c.i.s.JdbcTableSchemaHistory         : Schema history table "public"."flyway_schema_history" does not exist yet
2024-04-29T13:47:23.954-03:00  INFO 17444 --- [starbook] [main] o.f.core.internal.command.DbValidate     : Successfully validated 6 migrations (execution time 00:00.055s)
2024-04-29T13:47:23.992-03:00  INFO 17444 --- [starbook] [main] o.f.c.i.s.JdbcTableSchemaHistory         : Creating Schema History table "public"."flyway_schema_history" ...
2024-04-29T13:47:24.165-03:00  INFO 17444 --- [starbook] [main] o.f.core.internal.command.DbMigrate      : Current version of schema "public": << Empty Schema >>
2024-04-29T13:47:24.179-03:00  INFO 17444 --- [starbook] [main] o.f.core.internal.command.DbMigrate      : Migrating schema "public" to version "1.0 - create author"
2024-04-29T13:47:24.235-03:00  INFO 17444 --- [starbook] [main] o.f.core.internal.command.DbMigrate      : Migrating schema "public" to version "2.0 - create publisher"
2024-04-29T13:47:24.263-03:00  INFO 17444 --- [starbook] [main] o.f.core.internal.command.DbMigrate      : Migrating schema "public" to version "3.0 - create appuser"
2024-04-29T13:47:24.296-03:00  INFO 17444 --- [starbook] [main] o.f.core.internal.command.DbMigrate      : Migrating schema "public" to version "4.0 - create book"
2024-04-29T13:47:24.334-03:00  INFO 17444 --- [starbook] [main] o.f.core.internal.command.DbMigrate      : Migrating schema "public" to version "5.0 - create bookauthormapping"
2024-04-29T13:47:24.355-03:00  INFO 17444 --- [starbook] [main] o.f.core.internal.command.DbMigrate      : Migrating schema "public" to version "6.0 - create bookusermapping"
2024-04-29T13:47:24.385-03:00  INFO 17444 --- [starbook] [main] o.f.core.internal.command.DbMigrate      : Successfully applied 6 migrations to schema "public", now at version v6.0 (execution time 00:00.100s)
2024-04-29T13:47:24.634-03:00  INFO 17444 --- [starbook] [main] o.hibernate.jpa.internal.util.LogHelper  : HHH000204: Processing PersistenceUnitInfo [name: default]
2024-04-29T13:47:24.829-03:00  INFO 17444 --- [starbook] [main] org.hibernate.Version                    : HHH000412: Hibernate ORM core version 6.4.4.Final
2024-04-29T13:47:24.929-03:00  INFO 17444 --- [starbook] [main] o.h.c.internal.RegionFactoryInitiator    : HHH000026: Second-level cache disabled
2024-04-29T13:47:25.580-03:00  INFO 17444 --- [starbook] [main] o.s.o.j.p.SpringPersistenceUnitInfo      : No LoadTimeWeaver setup: ignoring JPA class transformer
2024-04-29T13:47:25.648-03:00  INFO 17444 --- [starbook] [main] com.zaxxer.hikari.HikariDataSource       : HikariPool-1 - Starting...
2024-04-29T13:47:25.758-03:00  INFO 17444 --- [starbook] [main] com.zaxxer.hikari.pool.HikariPool        : HikariPool-1 - Added connection org.postgresql.jdbc.PgConnection@344f9467
2024-04-29T13:47:25.763-03:00  INFO 17444 --- [starbook] [main] com.zaxxer.hikari.HikariDataSource       : HikariPool-1 - Start completed.
2024-04-29T13:47:25.825-03:00  WARN 17444 --- [starbook] [main] org.hibernate.orm.deprecation            : HHH90000025: PostgreSQLDialect does not need to be specified explicitly using 'hibernate.dialect' (remove the property setting and it will be selected by default)
2024-04-29T13:47:27.987-03:00  INFO 17444 --- [starbook] [main] o.h.e.t.j.p.i.JtaPlatformInitiator       : HHH000489: No JTA platform available (set 'hibernate.transaction.jta.platform' to enable JTA platform integration)
2024-04-29T13:47:27.994-03:00  INFO 17444 --- [starbook] [main] j.LocalContainerEntityManagerFactoryBean : Initialized JPA EntityManagerFactory for persistence unit 'default'
2024-04-29T13:47:29.536-03:00  WARN 17444 --- [starbook] [main] JpaBaseConfiguration$JpaWebConfiguration : spring.jpa.open-in-view is enabled by default. Therefore, database queries may be performed during view rendering. Explicitly configure spring.jpa.open-in-view to disable this warning
2024-04-29T13:47:29.825-03:00 DEBUG 17444 --- [starbook] [main] s.w.s.m.m.a.RequestMappingHandlerMapping : 36 mappings in 'requestMappingHandlerMapping'
2024-04-29T13:47:31.433-03:00 DEBUG 17444 --- [starbook] [main] o.s.w.s.handler.SimpleUrlHandlerMapping  : Patterns [/webjars/**, /**, /swagger-ui*/*swagger-initializer.js, /swagger-ui*/**] in 'resourceHandlerMapping'
2024-04-29T13:47:31.522-03:00 DEBUG 17444 --- [starbook] [main] s.w.s.m.m.a.RequestMappingHandlerAdapter : ControllerAdvice beans: 0 @ModelAttribute, 0 @InitBinder, 1 RequestBodyAdvice, 1 ResponseBodyAdvice
2024-04-29T13:47:31.594-03:00 DEBUG 17444 --- [starbook] [main] .m.m.a.ExceptionHandlerExceptionResolver : ControllerAdvice beans: 1 @ExceptionHandler, 1 ResponseBodyAdvice
2024-04-29T13:47:32.053-03:00  INFO 17444 --- [starbook] [main] o.s.b.w.embedded.tomcat.TomcatWebServer  : Tomcat started on port 8080 (http) with context path ''
2024-04-29T13:47:32.076-03:00  INFO 17444 --- [starbook] [main] c.starbook.starbook.StarbookApplication  : Started StarbookApplication in 15.123 seconds (process running for 16.079)
2024-04-29T14:46:32.037-03:00  INFO 7532 --- [starbook] [main] c.starbook.starbook.StarbookApplication  : Starting StarbookApplication using Java 22.0.1 with PID 7532 (C:\Users\Software Engineer\Documents\240044-leandro-garcia-magalhaes-cerqueira\java-avancado\aula-15\starbook\starbook\target\classes started by Software Engineer in C:\Users\Software Engineer\Documents\240044-leandro-garcia-magalhaes-cerqueira\java-avancado\aula-15\starbook\starbook)
2024-04-29T14:46:32.041-03:00  INFO 7532 --- [starbook] [main] c.starbook.starbook.StarbookApplication  : No active profile set, falling back to 1 default profile: "default"
2024-04-29T14:46:34.320-03:00  INFO 7532 --- [starbook] [main] .s.d.r.c.RepositoryConfigurationDelegate : Bootstrapping Spring Data JPA repositories in DEFAULT mode.
2024-04-29T14:46:34.477-03:00  INFO 7532 --- [starbook] [main] .s.d.r.c.RepositoryConfigurationDelegate : Finished Spring Data repository scanning in 142 ms. Found 4 JPA repository interfaces.
2024-04-29T14:46:36.221-03:00  INFO 7532 --- [starbook] [main] o.s.b.w.embedded.tomcat.TomcatWebServer  : Tomcat initialized with port 8080 (http)
2024-04-29T14:46:36.251-03:00  INFO 7532 --- [starbook] [main] o.apache.catalina.core.StandardService   : Starting service [Tomcat]
2024-04-29T14:46:36.251-03:00  INFO 7532 --- [starbook] [main] o.apache.catalina.core.StandardEngine    : Starting Servlet engine: [Apache Tomcat/10.1.19]
2024-04-29T14:46:36.440-03:00  INFO 7532 --- [starbook] [main] o.a.c.c.C.[Tomcat].[localhost].[/]       : Initializing Spring embedded WebApplicationContext
2024-04-29T14:46:36.440-03:00  INFO 7532 --- [starbook] [main] w.s.c.ServletWebServerApplicationContext : Root WebApplicationContext: initialization completed in 4267 ms
2024-04-29T14:46:37.430-03:00  INFO 7532 --- [starbook] [main] o.f.c.internal.license.VersionPrinter    : Flyway Community Edition 9.22.3 by Redgate
2024-04-29T14:46:37.431-03:00  INFO 7532 --- [starbook] [main] o.f.c.internal.license.VersionPrinter    : See release notes here: https://rd.gt/416ObMi
2024-04-29T14:46:37.432-03:00  INFO 7532 --- [starbook] [main] o.f.c.internal.license.VersionPrinter    : 
2024-04-29T14:46:37.619-03:00  INFO 7532 --- [starbook] [main] org.flywaydb.core.FlywayExecutor         : Database: jdbc:postgresql://localhost:5432/starbook (PostgreSQL 16.2)
2024-04-29T14:46:37.633-03:00  WARN 7532 --- [starbook] [main] o.f.c.internal.database.base.Database    : Flyway upgrade recommended: PostgreSQL 16.2 is newer than this version of Flyway and support has not been tested. The latest supported version of PostgreSQL is 15.
2024-04-29T14:46:37.702-03:00  INFO 7532 --- [starbook] [main] o.f.c.i.s.JdbcTableSchemaHistory         : Schema history table "public"."flyway_schema_history" does not exist yet
2024-04-29T14:46:37.710-03:00  INFO 7532 --- [starbook] [main] o.f.core.internal.command.DbValidate     : Successfully validated 6 migrations (execution time 00:00.051s)
2024-04-29T14:46:37.742-03:00  INFO 7532 --- [starbook] [main] o.f.c.i.s.JdbcTableSchemaHistory         : Creating Schema History table "public"."flyway_schema_history" ...
2024-04-29T14:46:37.919-03:00  INFO 7532 --- [starbook] [main] o.f.core.internal.command.DbMigrate      : Current version of schema "public": << Empty Schema >>
2024-04-29T14:46:37.933-03:00  INFO 7532 --- [starbook] [main] o.f.core.internal.command.DbMigrate      : Migrating schema "public" to version "1.0 - create author"
2024-04-29T14:46:37.991-03:00  INFO 7532 --- [starbook] [main] o.f.core.internal.command.DbMigrate      : Migrating schema "public" to version "2.0 - create publisher"
2024-04-29T14:46:38.021-03:00  INFO 7532 --- [starbook] [main] o.f.core.internal.command.DbMigrate      : Migrating schema "public" to version "3.0 - create appuser"
2024-04-29T14:46:38.058-03:00  INFO 7532 --- [starbook] [main] o.f.core.internal.command.DbMigrate      : Migrating schema "public" to version "4.0 - create book"
2024-04-29T14:46:38.110-03:00  INFO 7532 --- [starbook] [main] o.f.core.internal.command.DbMigrate      : Migrating schema "public" to version "5.0 - create bookauthormapping"
2024-04-29T14:46:38.132-03:00  INFO 7532 --- [starbook] [main] o.f.core.internal.command.DbMigrate      : Migrating schema "public" to version "6.0 - create bookusermapping"
2024-04-29T14:46:38.151-03:00  INFO 7532 --- [starbook] [main] o.f.core.internal.command.DbMigrate      : Successfully applied 6 migrations to schema "public", now at version v6.0 (execution time 00:00.118s)
2024-04-29T14:46:38.350-03:00  INFO 7532 --- [starbook] [main] o.hibernate.jpa.internal.util.LogHelper  : HHH000204: Processing PersistenceUnitInfo [name: default]
2024-04-29T14:46:38.562-03:00  INFO 7532 --- [starbook] [main] org.hibernate.Version                    : HHH000412: Hibernate ORM core version 6.4.4.Final
2024-04-29T14:46:38.668-03:00  INFO 7532 --- [starbook] [main] o.h.c.internal.RegionFactoryInitiator    : HHH000026: Second-level cache disabled
2024-04-29T14:46:39.259-03:00  INFO 7532 --- [starbook] [main] o.s.o.j.p.SpringPersistenceUnitInfo      : No LoadTimeWeaver setup: ignoring JPA class transformer
2024-04-29T14:46:39.323-03:00  INFO 7532 --- [starbook] [main] com.zaxxer.hikari.HikariDataSource       : HikariPool-1 - Starting...
2024-04-29T14:46:39.433-03:00  INFO 7532 --- [starbook] [main] com.zaxxer.hikari.pool.HikariPool        : HikariPool-1 - Added connection org.postgresql.jdbc.PgConnection@553ce348
2024-04-29T14:46:39.443-03:00  INFO 7532 --- [starbook] [main] com.zaxxer.hikari.HikariDataSource       : HikariPool-1 - Start completed.
2024-04-29T14:46:39.565-03:00  WARN 7532 --- [starbook] [main] org.hibernate.orm.deprecation            : HHH90000025: PostgreSQLDialect does not need to be specified explicitly using 'hibernate.dialect' (remove the property setting and it will be selected by default)
2024-04-29T14:46:41.816-03:00  INFO 7532 --- [starbook] [main] o.h.e.t.j.p.i.JtaPlatformInitiator       : HHH000489: No JTA platform available (set 'hibernate.transaction.jta.platform' to enable JTA platform integration)
2024-04-29T14:46:41.822-03:00  INFO 7532 --- [starbook] [main] j.LocalContainerEntityManagerFactoryBean : Initialized JPA EntityManagerFactory for persistence unit 'default'
2024-04-29T14:46:43.340-03:00  WARN 7532 --- [starbook] [main] JpaBaseConfiguration$JpaWebConfiguration : spring.jpa.open-in-view is enabled by default. Therefore, database queries may be performed during view rendering. Explicitly configure spring.jpa.open-in-view to disable this warning
2024-04-29T14:46:43.655-03:00 DEBUG 7532 --- [starbook] [main] s.w.s.m.m.a.RequestMappingHandlerMapping : 36 mappings in 'requestMappingHandlerMapping'
2024-04-29T14:46:45.070-03:00 DEBUG 7532 --- [starbook] [main] o.s.w.s.handler.SimpleUrlHandlerMapping  : Patterns [/webjars/**, /**, /swagger-ui*/*swagger-initializer.js, /swagger-ui*/**] in 'resourceHandlerMapping'
2024-04-29T14:46:45.170-03:00 DEBUG 7532 --- [starbook] [main] s.w.s.m.m.a.RequestMappingHandlerAdapter : ControllerAdvice beans: 0 @ModelAttribute, 0 @InitBinder, 1 RequestBodyAdvice, 1 ResponseBodyAdvice
2024-04-29T14:46:45.246-03:00 DEBUG 7532 --- [starbook] [main] .m.m.a.ExceptionHandlerExceptionResolver : ControllerAdvice beans: 1 @ExceptionHandler, 1 ResponseBodyAdvice
2024-04-29T14:46:45.745-03:00  INFO 7532 --- [starbook] [main] o.s.b.w.embedded.tomcat.TomcatWebServer  : Tomcat started on port 8080 (http) with context path ''
2024-04-29T14:46:45.770-03:00  INFO 7532 --- [starbook] [main] c.starbook.starbook.StarbookApplication  : Started StarbookApplication in 15.007 seconds (process running for 16.069)
